<?xml version="1.0" encoding="UTF-8" ?>
<testsuite errors="0" failures="0" hostname="dhcp-128-189-225-203.ubcsecure.wireless.ubc.ca" name="edu.umd.cs.findbugs.ClassScreenerTest" skipped="0" tests="3" time="1.395" timestamp="2014-10-26T22:02:28">
  <properties>
    <property name="pluginsSrc.dir" value="../plugins/" />
    <property name="java.vendor" value="Oracle Corporation" />
    <property name="anttask.jar" value="lib/findbugs-ant.jar" />
    <property name="sun.java.launcher" value="SUN_STANDARD" />
    <property name="sun.management.compiler" value="HotSpot 64-Bit Tiered Compilers" />
    <property name="gitrnum" value="fatal: Not a git repository (or any of the parent directories): .git" />
    <property name="jsr305.dir" value="../JSR305-ri" />
    <property name="jnlp.dir" value="jnlp" />
    <property name="junitsrc.dir" value="src/junit" />
    <property name="os.name" value="Mac OS X" />
    <property name="sun.boot.class.path" value="/Library/Java/JavaVirtualMachines/jdk1.7.0_40.jdk/Contents/Home/jre/lib/resources.jar:/Library/Java/JavaVirtualMachines/jdk1.7.0_40.jdk/Contents/Home/jre/lib/rt.jar:/Library/Java/JavaVirtualMachines/jdk1.7.0_40.jdk/Contents/Home/jre/lib/sunrsasign.jar:/Library/Java/JavaVirtualMachines/jdk1.7.0_40.jdk/Contents/Home/jre/lib/jsse.jar:/Library/Java/JavaVirtualMachines/jdk1.7.0_40.jdk/Contents/Home/jre/lib/jce.jar:/Library/Java/JavaVirtualMachines/jdk1.7.0_40.jdk/Contents/Home/jre/lib/charsets.jar:/Library/Java/JavaVirtualMachines/jdk1.7.0_40.jdk/Contents/Home/jre/lib/jfr.jar:/Library/Java/JavaVirtualMachines/jdk1.7.0_40.jdk/Contents/Home/jre/lib/JObjC.jar:/Library/Java/JavaVirtualMachines/jdk1.7.0_40.jdk/Contents/Home/jre/classes" />
    <property name="user.country.format" value="CA" />
    <property name="findbugs.home" value="/Users/michaeltang/Desktop/findbugs-3.0.0" />
    <property name="scripts.dir" value="bin" />
    <property name="java.vm.specification.vendor" value="Oracle Corporation" />
    <property name="doc.props.file" value="etc/doc.properties" />
    <property name="scripts.stamp" value="build/scripts.stamp" />
    <property name="ant.home" value="/usr/local/Cellar/ant/1.9.4/libexec" />
    <property name="jar.dir" value="lib" />
    <property name="java.runtime.version" value="1.7.0_40-b43" />
    <property name="xsl.stylesheet.home" value="${local.software.home}/docbook-xsl-1.76.1" />
    <property name="junitclasses.dir" value="build/junitclasses" />
    <property name="user.name" value="michaeltang" />
    <property name="eclipseClasses.dir" value="classesEclipse" />
    <property name="docsrc.dir" value="src/doc" />
    <property name="plugin.dir" value="plugin" />
    <property name="build.dir" value="build" />
    <property name="user.language" value="en" />
    <property name="findbugs.git.revision" value="fatal: Not a git repository (or any of the parent directories): .git" />
    <property name="src5.dir" value="src/gui" />
    <property name="sun.boot.library.path" value="/Library/Java/JavaVirtualMachines/jdk1.7.0_40.jdk/Contents/Home/jre/lib" />
    <property name="ant.project.default-target" value="build" />
    <property name="doc.dir" value="build/doc" />
    <property name="release.number" value="3.0.0" />
    <property name="ant.project.name" value="findbugs" />
    <property name="ant.file.findbugs" value="/Users/michaeltang/Desktop/findbugs-3.0.0/build.xml" />
    <property name="java.version" value="1.7.0_40" />
    <property name="user.timezone" value="" />
    <property name="sun.arch.data.model" value="64" />
    <property name="http.nonProxyHosts" value="local|*.local|169.254/16|*.169.254/16" />
    <property name="java.endorsed.dirs" value="/Library/Java/JavaVirtualMachines/jdk1.7.0_40.jdk/Contents/Home/jre/lib/endorsed" />
    <property name="sun.cpu.isalist" value="" />
    <property name="sun.jnu.encoding" value="UTF-8" />
    <property name="file.encoding.pkg" value="sun.io" />
    <property name="file.separator" value="/" />
    <property name="java.specification.name" value="Java Platform API Specification" />
    <property name="patch.dir" value="src/patches" />
    <property name="classes.dir" value="build/classes" />
    <property name="java.class.version" value="51.0" />
    <property name="oneFourCompatibility.jar" value="build/oneFourCompatibility.jar" />
    <property name="allClassFiles.jar" value="build/allClassFiles.jar" />
    <property name="user.country" value="US" />
    <property name="java.home" value="/Library/Java/JavaVirtualMachines/jdk1.7.0_40.jdk/Contents/Home/jre" />
    <property name="java.vm.info" value="mixed mode" />
    <property name="scriptsrc.dir" value="src/scripts" />
    <property name="ant.file" value="/Users/michaeltang/Desktop/findbugs-3.0.0/build.xml" />
    <property name="os.version" value="10.10" />
    <property name="source.findbugs.jar" value="src/java/,src/antTask/,src/tools/,src/junit/,src/gui/,etc" />
    <property name="serverSrc.dir" value="../server/" />
    <property name="findbugs.website" value="http://findbugs.sourceforge.net" />
    <property name="path.separator" value=":" />
    <property name="eclipse.home" value="${local.software.home}/java/eclipse-2.1.3" />
    <property name="java.vm.version" value="24.0-b56" />
    <property name="web.dir" value="web" />
    <property name="ant.library.dir" value="/usr/local/Cellar/ant/1.9.4/libexec/lib" />
    <property name="baseline-anttask.jar" value="${findbugs-baseline.home}/lib/findbugs-ant.jar" />
    <property name="java.awt.printerjob" value="sun.lwawt.macosx.CPrinterJob" />
    <property name="sun.io.unicode.encoding" value="UnicodeBig" />
    <property name="awt.toolkit" value="sun.lwawt.macosx.LWCToolkit" />
    <property name="socksNonProxyHosts" value="local|*.local|169.254/16|*.169.254/16" />
    <property name="ftp.nonProxyHosts" value="local|*.local|169.254/16|*.169.254/16" />
    <property name="eclipse.ui.version" value="3.0.0.20141026" />
    <property name="user.home" value="/Users/michaeltang" />
    <property name="fop.home" value="${local.software.home}/java/fop-0.20.5rc2" />
    <property name="java.specification.vendor" value="Oracle Corporation" />
    <property name="release.date" value="15:02:25 PDT, 26 October, 2014" />
    <property name="sampleoutput.dir" value="build/sampleoutput" />
    <property name="test.dir" value="test" />
    <property name="java.library.path" value="/Users/michaeltang/Library/Java/Extensions:/Library/Java/Extensions:/Network/Library/Java/Extensions:/System/Library/Java/Extensions:/usr/lib/java:." />
    <property name="junit.dir" value="build/junit" />
    <property name="java.vendor.url" value="http://java.oracle.com/" />
    <property name="gopherProxySet" value="false" />
    <property name="java.vm.vendor" value="Oracle Corporation" />
    <property name="java.runtime.name" value="Java(TM) SE Runtime Environment" />
    <property name="ant.version" value="Apache Ant(TM) version 1.9.4 compiled on April 29 2014" />
    <property name="sun.java.command" value="org.apache.tools.ant.taskdefs.optional.junit.JUnitTestRunner edu.umd.cs.findbugs.ClassScreenerTest skipNonTests=false filtertrace=true haltOnError=true haltOnFailure=true formatter=org.apache.tools.ant.taskdefs.optional.junit.SummaryJUnitResultFormatter showoutput=false outputtoformatters=true logfailedtests=true threadid=0 logtestlistenerevents=false formatter=org.apache.tools.ant.taskdefs.optional.junit.XMLJUnitResultFormatter,/Users/michaeltang/Desktop/findbugs-3.0.0/build/junit/TEST-edu.umd.cs.findbugs.ClassScreenerTest.xml crashfile=/Users/michaeltang/Desktop/findbugs-3.0.0/junitvmwatcher8194890827907080324.properties propsfile=/Users/michaeltang/Desktop/findbugs-3.0.0/junit8534037583109512616.properties" />
    <property name="dblatex.img.fix" value="while(&lt;&gt;){s,([A-Za-z-]*.png}),manual/1,g;print;}" />
    <property name="java.class.path" value="/Users/michaeltang/Desktop/findbugs-3.0.0/build/classes:/Users/michaeltang/Desktop/findbugs-3.0.0/lib/findbugs.jar:/Users/michaeltang/Desktop/findbugs-3.0.0/lib/jdepend-2.9.jar:/Users/michaeltang/Desktop/findbugs-3.0.0/lib/AppleJavaExtensions.jar:/Users/michaeltang/Desktop/findbugs-3.0.0/lib/annotations.jar:/Users/michaeltang/Desktop/findbugs-3.0.0/lib/ant.jar:/Users/michaeltang/Desktop/findbugs-3.0.0/lib/asm-debug-all-5.0.2.jar:/Users/michaeltang/Desktop/findbugs-3.0.0/lib/bcel-6.0-SNAPSHOT.jar:/Users/michaeltang/Desktop/findbugs-3.0.0/lib/commons-lang-2.6.jar:/Users/michaeltang/Desktop/findbugs-3.0.0/lib/dom4j-1.6.1.jar:/Users/michaeltang/Desktop/findbugs-3.0.0/lib/jFormatString.jar:/Users/michaeltang/Desktop/findbugs-3.0.0/lib/jaxen-1.1.6.jar:/Users/michaeltang/Desktop/findbugs-3.0.0/lib/jcip-annotations.jar:/Users/michaeltang/Desktop/findbugs-3.0.0/lib/jsr305.jar:/Users/michaeltang/Desktop/findbugs-3.0.0/lib/junit.jar:/Users/michaeltang/Desktop/findbugs-3.0.0/lib/yjp-controller-api-redist.jar:/Users/michaeltang/Desktop/findbugs-3.0.0/build/junitclasses:/usr/local/Cellar/ant/1.9.4/libexec/lib/ant-launcher.jar:/usr/local/Cellar/ant/1.9.4/libexec/lib/ant.jar:/usr/local/Cellar/ant/1.9.4/libexec/lib/ant-junit.jar:/usr/local/Cellar/ant/1.9.4/libexec/lib/ant-junit4.jar" />
    <property name="findbugsTestCases.dir" value="../findbugsTestCases" />
    <property name="findbugs.downloads.website" value="http://prdownloads.sourceforge.net/findbugs" />
    <property name="scripts.props" value="etc/script.properties" />
    <property name="junittests.jar" value="build/junittests.jar" />
    <property name="java.vm.specification.name" value="Java Virtual Machine Specification" />
    <property name="release.base" value="3.0.0" />
    <property name="ant.file.type" value="file" />
    <property name="test.jar" value="test/dumb.jar" />
    <property name="java.vm.specification.version" value="1.7" />
    <property name="sun.cpu.endian" value="little" />
    <property name="sun.os.patch.level" value="unknown" />
    <property name="java.io.tmpdir" value="/var/folders/vx/flw7v0zx4zd7r_t6qp05lhlr0000gn/T/" />
    <property name="java.vendor.url.bug" value="http://bugreport.sun.com/bugreport/" />
    <property name="apiDoc.dir" value="apiJavaDoc" />
    <property name="java.awt.graphicsenv" value="sun.awt.CGraphicsEnvironment" />
    <property name="os.arch" value="x86_64" />
    <property name="findbugsTestCases.home" value="../findbugsTestCases" />
    <property name="java.ext.dirs" value="/Users/michaeltang/Library/Java/Extensions:/Library/Java/JavaVirtualMachines/jdk1.7.0_40.jdk/Contents/Home/jre/lib/ext:/Library/Java/Extensions:/Network/Library/Java/Extensions:/System/Library/Java/Extensions:/usr/lib/java" />
    <property name="etc.dir" value="etc" />
    <property name="user.dir" value="/Users/michaeltang/Desktop/findbugs-3.0.0" />
    <property name="annotations.jar" value="lib/annotations.jar" />
    <property name="xslsrc.dir" value="src/xsl" />
    <property name="prop.plugin.jars" value="" />
    <property name="samplesrc.dir" value="src/sampleXml" />
    <property name="line.separator" value="&#xa;" />
    <property name="java.vm.name" value="Java HotSpot(TM) 64-Bit Server VM" />
    <property name="basedir" value="/Users/michaeltang/Desktop/findbugs-3.0.0" />
    <property name="version.props.file" value="build/classes/edu/umd/cs/findbugs/version.properties" />
    <property name="ant.java.version" value="1.7" />
    <property name="ant.core.lib" value="/usr/local/Cellar/ant/1.9.4/libexec/lib/ant.jar" />
    <property name="pkg.base" value="edu/umd/cs/findbugs" />
    <property name="toolsrc.dir" value="src/tools" />
    <property name="file.encoding" value="UTF-8" />
    <property name="annotationDoc.dir" value="annotationJavaDoc" />
    <property name="ant.file.type.findbugs" value="file" />
    <property name="java.specification.version" value="1.7" />
    <property name="src.dir" value="src/java" />
    <property name="engine.jar" value="lib/findbugs.jar" />
    <property name="ant.project.invoked-targets" value="runjunit" />
    <property name="saxon.home" value="${local.software.home}/saxon-6.5.5" />
    <property name="anttasksrc.dir" value="src/antTask" />
    <property name="plugin.release.date" value="10/26/2014 03:02 PM PDT" />
  </properties>
  <testcase classname="edu.umd.cs.findbugs.ClassScreenerTest" name="testEmptyClassScreener" time="1.353" />
  <testcase classname="edu.umd.cs.findbugs.ClassScreenerTest" name="testParticularClassScreener" time="0.001" />
  <testcase classname="edu.umd.cs.findbugs.ClassScreenerTest" name="testParticularPackageScreener" time="0.001" />
  <system-out><![CDATA[]]></system-out>
  <system-err><![CDATA[]]></system-err>
</testsuite>
